04-Aug-2025 17:51:13.323 INFO [main] org.apache.catalina.startup.VersionLoggerListener.log Server version name:   Apache Tomcat/9.0.33
04-Aug-2025 17:51:13.331 INFO [main] org.apache.catalina.startup.VersionLoggerListener.log Server built:          Mar 11 2020 09:31:38 UTC
04-Aug-2025 17:51:13.333 INFO [main] org.apache.catalina.startup.VersionLoggerListener.log Server version number: 9.0.33.0
04-Aug-2025 17:51:13.333 INFO [main] org.apache.catalina.startup.VersionLoggerListener.log OS Name:               Windows 11
04-Aug-2025 17:51:13.333 INFO [main] org.apache.catalina.startup.VersionLoggerListener.log OS Version:            10.0
04-Aug-2025 17:51:13.333 INFO [main] org.apache.catalina.startup.VersionLoggerListener.log Architecture:          amd64
04-Aug-2025 17:51:13.333 INFO [main] org.apache.catalina.startup.VersionLoggerListener.log Java Home:             C:\Program Files\Java\jdk-11.0.15.1
04-Aug-2025 17:51:13.333 INFO [main] org.apache.catalina.startup.VersionLoggerListener.log JVM Version:           11.0.15.1+2-LTS-10
04-Aug-2025 17:51:13.335 INFO [main] org.apache.catalina.startup.VersionLoggerListener.log JVM Vendor:            Oracle Corporation
04-Aug-2025 17:51:13.335 INFO [main] org.apache.catalina.startup.VersionLoggerListener.log CATALINA_BASE:         D:\Rays\Softwares\Servers\apache-tomcat-9.0.33
04-Aug-2025 17:51:13.335 INFO [main] org.apache.catalina.startup.VersionLoggerListener.log CATALINA_HOME:         D:\Rays\Softwares\Servers\apache-tomcat-9.0.33
04-Aug-2025 17:51:13.353 INFO [main] org.apache.catalina.startup.VersionLoggerListener.log Command line argument: --add-opens=java.base/java.lang=ALL-UNNAMED
04-Aug-2025 17:51:13.354 INFO [main] org.apache.catalina.startup.VersionLoggerListener.log Command line argument: --add-opens=java.base/java.io=ALL-UNNAMED
04-Aug-2025 17:51:13.354 INFO [main] org.apache.catalina.startup.VersionLoggerListener.log Command line argument: --add-opens=java.rmi/sun.rmi.transport=ALL-UNNAMED
04-Aug-2025 17:51:13.354 INFO [main] org.apache.catalina.startup.VersionLoggerListener.log Command line argument: -Djava.util.logging.config.file=D:\Rays\Softwares\Servers\apache-tomcat-9.0.33\conf\logging.properties
04-Aug-2025 17:51:13.355 INFO [main] org.apache.catalina.startup.VersionLoggerListener.log Command line argument: -Djava.util.logging.manager=org.apache.juli.ClassLoaderLogManager
04-Aug-2025 17:51:13.355 INFO [main] org.apache.catalina.startup.VersionLoggerListener.log Command line argument: -Djdk.tls.ephemeralDHKeySize=2048
04-Aug-2025 17:51:13.355 INFO [main] org.apache.catalina.startup.VersionLoggerListener.log Command line argument: -Djava.protocol.handler.pkgs=org.apache.catalina.webresources
04-Aug-2025 17:51:13.356 INFO [main] org.apache.catalina.startup.VersionLoggerListener.log Command line argument: -Dignore.endorsed.dirs=
04-Aug-2025 17:51:13.356 INFO [main] org.apache.catalina.startup.VersionLoggerListener.log Command line argument: -Dcatalina.base=D:\Rays\Softwares\Servers\apache-tomcat-9.0.33
04-Aug-2025 17:51:13.357 INFO [main] org.apache.catalina.startup.VersionLoggerListener.log Command line argument: -Dcatalina.home=D:\Rays\Softwares\Servers\apache-tomcat-9.0.33
04-Aug-2025 17:51:13.357 INFO [main] org.apache.catalina.startup.VersionLoggerListener.log Command line argument: -Djava.io.tmpdir=D:\Rays\Softwares\Servers\apache-tomcat-9.0.33\temp
04-Aug-2025 17:51:13.357 INFO [main] org.apache.catalina.core.AprLifecycleListener.lifecycleEvent Loaded APR based Apache Tomcat Native library [1.2.23] using APR version [1.7.0].
04-Aug-2025 17:51:13.358 INFO [main] org.apache.catalina.core.AprLifecycleListener.lifecycleEvent APR capabilities: IPv6 [true], sendfile [true], accept filters [false], random [true].
04-Aug-2025 17:51:13.358 INFO [main] org.apache.catalina.core.AprLifecycleListener.lifecycleEvent APR/OpenSSL configuration: useAprConnector [false], useOpenSSL [true]
04-Aug-2025 17:51:13.365 INFO [main] org.apache.catalina.core.AprLifecycleListener.initializeSSL OpenSSL successfully initialized [OpenSSL 1.1.1c  28 May 2019]
04-Aug-2025 17:51:13.660 INFO [main] org.apache.coyote.AbstractProtocol.init Initializing ProtocolHandler ["http-nio-8080"]
04-Aug-2025 17:51:13.916 INFO [main] org.apache.catalina.startup.Catalina.load Server initialization in [864] milliseconds
04-Aug-2025 17:51:14.012 INFO [main] org.apache.catalina.core.StandardService.startInternal Starting service [Catalina]
04-Aug-2025 17:51:14.012 INFO [main] org.apache.catalina.core.StandardEngine.startInternal Starting Servlet engine: [Apache Tomcat/9.0.33]
04-Aug-2025 17:51:14.065 INFO [main] org.apache.catalina.startup.HostConfig.deployWAR Deploying web application archive [D:\Rays\Softwares\Servers\apache-tomcat-9.0.33\webapps\Project-04.war]
04-Aug-2025 17:51:15.986 INFO [main] org.apache.jasper.servlet.TldScanner.scanJars At least one JAR was scanned for TLDs yet contained no TLDs. Enable debug logging for this logger for a complete list of JARs that were scanned but no TLDs were found in them. Skipping unneeded JARs during scanning can improve startup time and JSP compilation time.
04-Aug-2025 17:51:16.430 WARNING [main] org.apache.catalina.util.SessionIdGeneratorBase.createSecureRandom Creation of SecureRandom instance for session ID generation using [SHA1PRNG] took [396] milliseconds.
04-Aug-2025 17:51:16.477 INFO [main] org.apache.catalina.startup.HostConfig.deployWAR Deployment of web application archive [D:\Rays\Softwares\Servers\apache-tomcat-9.0.33\webapps\Project-04.war] has finished in [2,412] ms
04-Aug-2025 17:51:16.477 INFO [main] org.apache.catalina.startup.HostConfig.deployDirectory Deploying web application directory [D:\Rays\Softwares\Servers\apache-tomcat-9.0.33\webapps\docs]
04-Aug-2025 17:51:16.557 INFO [main] org.apache.catalina.startup.HostConfig.deployDirectory Deployment of web application directory [D:\Rays\Softwares\Servers\apache-tomcat-9.0.33\webapps\docs] has finished in [80] ms
04-Aug-2025 17:51:16.557 INFO [main] org.apache.catalina.startup.HostConfig.deployDirectory Deploying web application directory [D:\Rays\Softwares\Servers\apache-tomcat-9.0.33\webapps\examples]
04-Aug-2025 17:51:17.906 INFO [main] org.apache.catalina.startup.HostConfig.deployDirectory Deployment of web application directory [D:\Rays\Softwares\Servers\apache-tomcat-9.0.33\webapps\examples] has finished in [1,349] ms
04-Aug-2025 17:51:17.906 INFO [main] org.apache.catalina.startup.HostConfig.deployDirectory Deploying web application directory [D:\Rays\Softwares\Servers\apache-tomcat-9.0.33\webapps\host-manager]
04-Aug-2025 17:51:17.970 INFO [main] org.apache.catalina.startup.HostConfig.deployDirectory Deployment of web application directory [D:\Rays\Softwares\Servers\apache-tomcat-9.0.33\webapps\host-manager] has finished in [64] ms
04-Aug-2025 17:51:17.970 INFO [main] org.apache.catalina.startup.HostConfig.deployDirectory Deploying web application directory [D:\Rays\Softwares\Servers\apache-tomcat-9.0.33\webapps\manager]
04-Aug-2025 17:51:18.021 INFO [main] org.apache.catalina.startup.HostConfig.deployDirectory Deployment of web application directory [D:\Rays\Softwares\Servers\apache-tomcat-9.0.33\webapps\manager] has finished in [51] ms
04-Aug-2025 17:51:18.033 INFO [main] org.apache.catalina.startup.HostConfig.deployDirectory Deploying web application directory [D:\Rays\Softwares\Servers\apache-tomcat-9.0.33\webapps\ROOT]
04-Aug-2025 17:51:18.074 INFO [main] org.apache.catalina.startup.HostConfig.deployDirectory Deployment of web application directory [D:\Rays\Softwares\Servers\apache-tomcat-9.0.33\webapps\ROOT] has finished in [53] ms
04-Aug-2025 17:51:18.084 INFO [main] org.apache.coyote.AbstractProtocol.start Starting ProtocolHandler ["http-nio-8080"]
04-Aug-2025 17:51:18.103 INFO [main] org.apache.catalina.startup.Catalina.start Server startup in [4,185] milliseconds
04-Aug-2025 18:27:16.396 INFO [Catalina-utility-1] org.apache.catalina.users.MemoryUserDatabase.backgroundProcess Reloading memory user database [UserDatabase] from updated source [file:/D:/Rays/Softwares/Servers/apache-tomcat-9.0.33/conf/tomcat-users.xml]
04-Aug-2025 18:27:29.127 WARNING [http-nio-8080-exec-7] org.apache.catalina.realm.LockOutRealm.filterLockedAccounts An attempt was made to authenticate the locked user [tomcat]
04-Aug-2025 18:29:26.571 INFO [Catalina-utility-2] org.apache.catalina.users.MemoryUserDatabase.backgroundProcess Reloading memory user database [UserDatabase] from updated source [file:/D:/Rays/Softwares/Servers/apache-tomcat-9.0.33/conf/tomcat-users.xml]
04-Aug-2025 18:29:33.435 INFO [Thread-3] org.apache.coyote.AbstractProtocol.pause Pausing ProtocolHandler ["http-nio-8080"]
04-Aug-2025 18:29:33.713 INFO [Thread-3] org.apache.catalina.core.StandardService.stopInternal Stopping service [Catalina]
04-Aug-2025 18:29:33.795 INFO [Thread-3] org.apache.coyote.AbstractProtocol.stop Stopping ProtocolHandler ["http-nio-8080"]
04-Aug-2025 18:29:33.803 INFO [Thread-3] org.apache.coyote.AbstractProtocol.destroy Destroying ProtocolHandler ["http-nio-8080"]
04-Aug-2025 18:30:06.203 INFO [main] org.apache.catalina.startup.VersionLoggerListener.log Server version name:   Apache Tomcat/9.0.33
04-Aug-2025 18:30:06.203 INFO [main] org.apache.catalina.startup.VersionLoggerListener.log Server built:          Mar 11 2020 09:31:38 UTC
04-Aug-2025 18:30:06.212 INFO [main] org.apache.catalina.startup.VersionLoggerListener.log Server version number: 9.0.33.0
04-Aug-2025 18:30:06.212 INFO [main] org.apache.catalina.startup.VersionLoggerListener.log OS Name:               Windows 11
04-Aug-2025 18:30:06.212 INFO [main] org.apache.catalina.startup.VersionLoggerListener.log OS Version:            10.0
04-Aug-2025 18:30:06.212 INFO [main] org.apache.catalina.startup.VersionLoggerListener.log Architecture:          amd64
04-Aug-2025 18:30:06.212 INFO [main] org.apache.catalina.startup.VersionLoggerListener.log Java Home:             C:\Program Files\Java\jdk-11.0.15.1
04-Aug-2025 18:30:06.212 INFO [main] org.apache.catalina.startup.VersionLoggerListener.log JVM Version:           11.0.15.1+2-LTS-10
04-Aug-2025 18:30:06.212 INFO [main] org.apache.catalina.startup.VersionLoggerListener.log JVM Vendor:            Oracle Corporation
04-Aug-2025 18:30:06.212 INFO [main] org.apache.catalina.startup.VersionLoggerListener.log CATALINA_BASE:         D:\Rays\Softwares\Servers\apache-tomcat-9.0.33
04-Aug-2025 18:30:06.215 INFO [main] org.apache.catalina.startup.VersionLoggerListener.log CATALINA_HOME:         D:\Rays\Softwares\Servers\apache-tomcat-9.0.33
04-Aug-2025 18:30:06.230 INFO [main] org.apache.catalina.startup.VersionLoggerListener.log Command line argument: --add-opens=java.base/java.lang=ALL-UNNAMED
04-Aug-2025 18:30:06.230 INFO [main] org.apache.catalina.startup.VersionLoggerListener.log Command line argument: --add-opens=java.base/java.io=ALL-UNNAMED
04-Aug-2025 18:30:06.230 INFO [main] org.apache.catalina.startup.VersionLoggerListener.log Command line argument: --add-opens=java.rmi/sun.rmi.transport=ALL-UNNAMED
04-Aug-2025 18:30:06.230 INFO [main] org.apache.catalina.startup.VersionLoggerListener.log Command line argument: -Djava.util.logging.config.file=D:\Rays\Softwares\Servers\apache-tomcat-9.0.33\conf\logging.properties
04-Aug-2025 18:30:06.230 INFO [main] org.apache.catalina.startup.VersionLoggerListener.log Command line argument: -Djava.util.logging.manager=org.apache.juli.ClassLoaderLogManager
04-Aug-2025 18:30:06.230 INFO [main] org.apache.catalina.startup.VersionLoggerListener.log Command line argument: -Djdk.tls.ephemeralDHKeySize=2048
04-Aug-2025 18:30:06.230 INFO [main] org.apache.catalina.startup.VersionLoggerListener.log Command line argument: -Djava.protocol.handler.pkgs=org.apache.catalina.webresources
04-Aug-2025 18:30:06.230 INFO [main] org.apache.catalina.startup.VersionLoggerListener.log Command line argument: -Dignore.endorsed.dirs=
04-Aug-2025 18:30:06.230 INFO [main] org.apache.catalina.startup.VersionLoggerListener.log Command line argument: -Dcatalina.base=D:\Rays\Softwares\Servers\apache-tomcat-9.0.33
04-Aug-2025 18:30:06.230 INFO [main] org.apache.catalina.startup.VersionLoggerListener.log Command line argument: -Dcatalina.home=D:\Rays\Softwares\Servers\apache-tomcat-9.0.33
04-Aug-2025 18:30:06.230 INFO [main] org.apache.catalina.startup.VersionLoggerListener.log Command line argument: -Djava.io.tmpdir=D:\Rays\Softwares\Servers\apache-tomcat-9.0.33\temp
04-Aug-2025 18:30:06.230 INFO [main] org.apache.catalina.core.AprLifecycleListener.lifecycleEvent Loaded APR based Apache Tomcat Native library [1.2.23] using APR version [1.7.0].
04-Aug-2025 18:30:06.230 INFO [main] org.apache.catalina.core.AprLifecycleListener.lifecycleEvent APR capabilities: IPv6 [true], sendfile [true], accept filters [false], random [true].
04-Aug-2025 18:30:06.237 INFO [main] org.apache.catalina.core.AprLifecycleListener.lifecycleEvent APR/OpenSSL configuration: useAprConnector [false], useOpenSSL [true]
04-Aug-2025 18:30:06.243 INFO [main] org.apache.catalina.core.AprLifecycleListener.initializeSSL OpenSSL successfully initialized [OpenSSL 1.1.1c  28 May 2019]
04-Aug-2025 18:30:06.524 INFO [main] org.apache.coyote.AbstractProtocol.init Initializing ProtocolHandler ["http-nio-8080"]
04-Aug-2025 18:30:06.750 INFO [main] org.apache.catalina.startup.Catalina.load Server initialization in [781] milliseconds
04-Aug-2025 18:30:06.822 INFO [main] org.apache.catalina.core.StandardService.startInternal Starting service [Catalina]
04-Aug-2025 18:30:06.822 INFO [main] org.apache.catalina.core.StandardEngine.startInternal Starting Servlet engine: [Apache Tomcat/9.0.33]
04-Aug-2025 18:30:06.836 INFO [main] org.apache.catalina.startup.HostConfig.deployWAR Deploying web application archive [D:\Rays\Softwares\Servers\apache-tomcat-9.0.33\webapps\Project-04.war]
04-Aug-2025 18:30:07.678 INFO [main] org.apache.jasper.servlet.TldScanner.scanJars At least one JAR was scanned for TLDs yet contained no TLDs. Enable debug logging for this logger for a complete list of JARs that were scanned but no TLDs were found in them. Skipping unneeded JARs during scanning can improve startup time and JSP compilation time.
04-Aug-2025 18:30:08.035 WARNING [main] org.apache.catalina.util.SessionIdGeneratorBase.createSecureRandom Creation of SecureRandom instance for session ID generation using [SHA1PRNG] took [302] milliseconds.
04-Aug-2025 18:30:08.131 INFO [main] org.apache.catalina.startup.HostConfig.deployWAR Deployment of web application archive [D:\Rays\Softwares\Servers\apache-tomcat-9.0.33\webapps\Project-04.war] has finished in [1,295] ms
04-Aug-2025 18:30:08.131 INFO [main] org.apache.catalina.startup.HostConfig.deployDirectory Deploying web application directory [D:\Rays\Softwares\Servers\apache-tomcat-9.0.33\webapps\docs]
04-Aug-2025 18:30:08.181 INFO [main] org.apache.catalina.startup.HostConfig.deployDirectory Deployment of web application directory [D:\Rays\Softwares\Servers\apache-tomcat-9.0.33\webapps\docs] has finished in [48] ms
04-Aug-2025 18:30:08.181 INFO [main] org.apache.catalina.startup.HostConfig.deployDirectory Deploying web application directory [D:\Rays\Softwares\Servers\apache-tomcat-9.0.33\webapps\examples]
04-Aug-2025 18:30:08.796 INFO [main] org.apache.catalina.startup.HostConfig.deployDirectory Deployment of web application directory [D:\Rays\Softwares\Servers\apache-tomcat-9.0.33\webapps\examples] has finished in [613] ms
04-Aug-2025 18:30:08.796 INFO [main] org.apache.catalina.startup.HostConfig.deployDirectory Deploying web application directory [D:\Rays\Softwares\Servers\apache-tomcat-9.0.33\webapps\host-manager]
04-Aug-2025 18:30:08.850 INFO [main] org.apache.catalina.startup.HostConfig.deployDirectory Deployment of web application directory [D:\Rays\Softwares\Servers\apache-tomcat-9.0.33\webapps\host-manager] has finished in [54] ms
04-Aug-2025 18:30:08.852 INFO [main] org.apache.catalina.startup.HostConfig.deployDirectory Deploying web application directory [D:\Rays\Softwares\Servers\apache-tomcat-9.0.33\webapps\manager]
04-Aug-2025 18:30:08.890 INFO [main] org.apache.catalina.startup.HostConfig.deployDirectory Deployment of web application directory [D:\Rays\Softwares\Servers\apache-tomcat-9.0.33\webapps\manager] has finished in [40] ms
04-Aug-2025 18:30:08.890 INFO [main] org.apache.catalina.startup.HostConfig.deployDirectory Deploying web application directory [D:\Rays\Softwares\Servers\apache-tomcat-9.0.33\webapps\ROOT]
04-Aug-2025 18:30:08.937 INFO [main] org.apache.catalina.startup.HostConfig.deployDirectory Deployment of web application directory [D:\Rays\Softwares\Servers\apache-tomcat-9.0.33\webapps\ROOT] has finished in [47] ms
04-Aug-2025 18:30:08.937 INFO [main] org.apache.coyote.AbstractProtocol.start Starting ProtocolHandler ["http-nio-8080"]
04-Aug-2025 18:30:08.969 INFO [main] org.apache.catalina.startup.Catalina.start Server startup in [2,216] milliseconds
04-Aug-2025 18:33:26.773 INFO [Thread-3] org.apache.coyote.AbstractProtocol.pause Pausing ProtocolHandler ["http-nio-8080"]
04-Aug-2025 18:33:27.061 INFO [Thread-3] org.apache.catalina.core.StandardService.stopInternal Stopping service [Catalina]
04-Aug-2025 18:33:27.171 INFO [Thread-3] org.apache.coyote.AbstractProtocol.stop Stopping ProtocolHandler ["http-nio-8080"]
04-Aug-2025 18:33:27.174 INFO [Thread-3] org.apache.coyote.AbstractProtocol.destroy Destroying ProtocolHandler ["http-nio-8080"]
