14-Jun-2025 12:08:42.562 INFO [main] org.apache.catalina.core.ApplicationContext.log ContextListener: contextInitialized()
14-Jun-2025 12:08:42.562 INFO [main] org.apache.catalina.core.ApplicationContext.log SessionListener: contextInitialized()
14-Jun-2025 12:08:42.567 INFO [main] org.apache.catalina.core.ApplicationContext.log ContextListener: attributeAdded('StockTicker', 'async.Stockticker@63fd4873')
14-Jun-2025 12:10:14.317 INFO [Thread-3] org.apache.catalina.core.ApplicationContext.log SessionListener: contextDestroyed()
14-Jun-2025 12:10:14.317 INFO [Thread-3] org.apache.catalina.core.ApplicationContext.log ContextListener: contextDestroyed()
14-Jun-2025 12:11:45.818 INFO [main] org.apache.catalina.core.ApplicationContext.log ContextListener: contextInitialized()
14-Jun-2025 12:11:45.818 INFO [main] org.apache.catalina.core.ApplicationContext.log SessionListener: contextInitialized()
14-Jun-2025 12:11:45.823 INFO [main] org.apache.catalina.core.ApplicationContext.log ContextListener: attributeAdded('StockTicker', 'async.Stockticker@2575f671')
14-Jun-2025 12:15:10.663 SEVERE [http-nio-8080-exec-9] org.apache.catalina.core.StandardWrapperValve.invoke Servlet.service() for servlet [jsp] in context with path [/EMS-WebApp] threw exception [Unable to compile class for JSP: 

An error occurred at line: [14] in the generated java file: [D:\Rays\Softwares\Servers\apache-tomcat-9.0.33\work\Catalina\localhost\EMS-WebApp\org\apache\jsp\WebContent\LoginView_jsp.java]
Only a type can be imported. in.co.sharnx.adv.bean.UserBean resolves to a package

An error occurred at line: [14] in the jsp file: [/WebContent/Header.jsp]
UserBean cannot be resolved to a type
11: 
12: 
13: 	<%
14: 		UserBean user = (UserBean) session.getAttribute("bean");
15: 	%>
16: 
17: 	<%


An error occurred at line: [14] in the jsp file: [/WebContent/Header.jsp]
UserBean cannot be resolved to a type
11: 
12: 
13: 	<%
14: 		UserBean user = (UserBean) session.getAttribute("bean");
15: 	%>
16: 
17: 	<%


Stacktrace:] with root cause
	org.apache.jasper.JasperException: Unable to compile class for JSP: 

An error occurred at line: [14] in the generated java file: [D:\Rays\Softwares\Servers\apache-tomcat-9.0.33\work\Catalina\localhost\EMS-WebApp\org\apache\jsp\WebContent\LoginView_jsp.java]
Only a type can be imported. in.co.sharnx.adv.bean.UserBean resolves to a package

An error occurred at line: [14] in the jsp file: [/WebContent/Header.jsp]
UserBean cannot be resolved to a type
11: 
12: 
13: 	<%
14: 		UserBean user = (UserBean) session.getAttribute("bean");
15: 	%>
16: 
17: 	<%


An error occurred at line: [14] in the jsp file: [/WebContent/Header.jsp]
UserBean cannot be resolved to a type
11: 
12: 
13: 	<%
14: 		UserBean user = (UserBean) session.getAttribute("bean");
15: 	%>
16: 
17: 	<%


Stacktrace:
		at org.apache.jasper.compiler.DefaultErrorHandler.javacError(DefaultErrorHandler.java:103)
		at org.apache.jasper.compiler.ErrorDispatcher.javacError(ErrorDispatcher.java:213)
		at org.apache.jasper.compiler.JDTCompiler.generateClass(JDTCompiler.java:519)
		at org.apache.jasper.compiler.Compiler.compile(Compiler.java:392)
		at org.apache.jasper.compiler.Compiler.compile(Compiler.java:362)
		at org.apache.jasper.compiler.Compiler.compile(Compiler.java:346)
		at org.apache.jasper.JspCompilationContext.compile(JspCompilationContext.java:605)
		at org.apache.jasper.servlet.JspServletWrapper.service(JspServletWrapper.java:400)
		at org.apache.jasper.servlet.JspServlet.serviceJspFile(JspServlet.java:385)
		at org.apache.jasper.servlet.JspServlet.service(JspServlet.java:329)
		at javax.servlet.http.HttpServlet.service(HttpServlet.java:741)
		at org.apache.catalina.core.ApplicationFilterChain.internalDoFilter(ApplicationFilterChain.java:231)
		at org.apache.catalina.core.ApplicationFilterChain.doFilter(ApplicationFilterChain.java:166)
		at org.apache.tomcat.websocket.server.WsFilter.doFilter(WsFilter.java:53)
		at org.apache.catalina.core.ApplicationFilterChain.internalDoFilter(ApplicationFilterChain.java:193)
		at org.apache.catalina.core.ApplicationFilterChain.doFilter(ApplicationFilterChain.java:166)
		at org.apache.catalina.core.StandardWrapperValve.invoke(StandardWrapperValve.java:202)
		at org.apache.catalina.core.StandardContextValve.invoke(StandardContextValve.java:96)
		at org.apache.catalina.authenticator.AuthenticatorBase.invoke(AuthenticatorBase.java:541)
		at org.apache.catalina.core.StandardHostValve.invoke(StandardHostValve.java:139)
		at org.apache.catalina.valves.ErrorReportValve.invoke(ErrorReportValve.java:92)
		at org.apache.catalina.valves.AbstractAccessLogValve.invoke(AbstractAccessLogValve.java:688)
		at org.apache.catalina.core.StandardEngineValve.invoke(StandardEngineValve.java:74)
		at org.apache.catalina.connector.CoyoteAdapter.service(CoyoteAdapter.java:343)
		at org.apache.coyote.http11.Http11Processor.service(Http11Processor.java:373)
		at org.apache.coyote.AbstractProcessorLight.process(AbstractProcessorLight.java:65)
		at org.apache.coyote.AbstractProtocol$ConnectionHandler.process(AbstractProtocol.java:868)
		at org.apache.tomcat.util.net.NioEndpoint$SocketProcessor.doRun(NioEndpoint.java:1594)
		at org.apache.tomcat.util.net.SocketProcessorBase.run(SocketProcessorBase.java:49)
		at java.base/java.util.concurrent.ThreadPoolExecutor.runWorker(ThreadPoolExecutor.java:1128)
		at java.base/java.util.concurrent.ThreadPoolExecutor$Worker.run(ThreadPoolExecutor.java:628)
		at org.apache.tomcat.util.threads.TaskThread$WrappingRunnable.run(TaskThread.java:61)
		at java.base/java.lang.Thread.run(Thread.java:834)
14-Jun-2025 12:15:41.988 INFO [Thread-3] org.apache.catalina.core.ApplicationContext.log SessionListener: contextDestroyed()
14-Jun-2025 12:15:41.988 INFO [Thread-3] org.apache.catalina.core.ApplicationContext.log ContextListener: contextDestroyed()
