04-Sep-2025 16:57:37.627 INFO [http-nio-8080-exec-9] org.apache.catalina.core.ApplicationContext.log Manager: init: Associated with Deployer 'Catalina:type=Deployer,host=localhost'
04-Sep-2025 16:57:37.627 INFO [http-nio-8080-exec-9] org.apache.catalina.core.ApplicationContext.log Manager: init: Global resources are available
04-Sep-2025 16:57:37.627 INFO [http-nio-8080-exec-9] org.apache.catalina.core.ApplicationContext.log Manager: list: Listing contexts for virtual host 'localhost'
04-Sep-2025 16:57:37.627 INFO [http-nio-8080-exec-10] org.apache.catalina.core.ApplicationContext.log Manager: deploy: Deploying web application '/Project-04'
04-Sep-2025 16:57:37.627 INFO [http-nio-8080-exec-10] org.apache.catalina.core.ApplicationContext.log Manager: Uploading WAR file to D:\Rays\Projects\Project-04\jenkins-server\apache-tomcat-9.0.33\webapps\Project-04.war
04-Sep-2025 17:01:33.395 INFO [http-nio-8080-exec-5] org.apache.catalina.core.ApplicationContext.log Manager: list: Listing contexts for virtual host 'localhost'
04-Sep-2025 17:01:33.395 INFO [http-nio-8080-exec-9] org.apache.catalina.core.ApplicationContext.log Manager: list: Listing contexts for virtual host 'localhost'
04-Sep-2025 17:01:33.401 INFO [http-nio-8080-exec-10] org.apache.catalina.core.ApplicationContext.log Manager: undeploy: Undeploying web application at '/Project-04'
04-Sep-2025 17:01:34.285 INFO [http-nio-8080-exec-3] org.apache.catalina.core.ApplicationContext.log Manager: deploy: Deploying web application '/Project-04'
04-Sep-2025 17:01:34.285 INFO [http-nio-8080-exec-3] org.apache.catalina.core.ApplicationContext.log Manager: Uploading WAR file to D:\Rays\Projects\Project-04\jenkins-server\apache-tomcat-9.0.33\webapps\Project-04.war
04-Sep-2025 17:01:50.890 INFO [http-nio-8080-exec-8] org.apache.catalina.core.ApplicationContext.log Manager: list: Listing contexts for virtual host 'localhost'
04-Sep-2025 17:01:50.906 INFO [http-nio-8080-exec-5] org.apache.catalina.core.ApplicationContext.log Manager: list: Listing contexts for virtual host 'localhost'
04-Sep-2025 17:01:50.909 INFO [http-nio-8080-exec-9] org.apache.catalina.core.ApplicationContext.log Manager: undeploy: Undeploying web application at '/Project-04'
04-Sep-2025 17:01:51.716 INFO [http-nio-8080-exec-12] org.apache.catalina.core.ApplicationContext.log Manager: deploy: Deploying web application '/Project-04'
04-Sep-2025 17:01:51.716 INFO [http-nio-8080-exec-12] org.apache.catalina.core.ApplicationContext.log Manager: Uploading WAR file to D:\Rays\Projects\Project-04\jenkins-server\apache-tomcat-9.0.33\webapps\Project-04.war
04-Sep-2025 17:03:51.355 INFO [http-nio-8080-exec-15] org.apache.catalina.core.ApplicationContext.log Manager: list: Listing contexts for virtual host 'localhost'
04-Sep-2025 17:03:51.358 INFO [http-nio-8080-exec-16] org.apache.catalina.core.ApplicationContext.log Manager: list: Listing contexts for virtual host 'localhost'
04-Sep-2025 17:03:51.360 INFO [http-nio-8080-exec-17] org.apache.catalina.core.ApplicationContext.log Manager: undeploy: Undeploying web application at '/Project-04'
04-Sep-2025 17:03:52.192 INFO [http-nio-8080-exec-18] org.apache.catalina.core.ApplicationContext.log Manager: deploy: Deploying web application '/Project-04'
04-Sep-2025 17:03:52.192 INFO [http-nio-8080-exec-18] org.apache.catalina.core.ApplicationContext.log Manager: Uploading WAR file to D:\Rays\Projects\Project-04\jenkins-server\apache-tomcat-9.0.33\webapps\Project-04.war
04-Sep-2025 17:04:51.693 INFO [http-nio-8080-exec-15] org.apache.catalina.core.ApplicationContext.log Manager: list: Listing contexts for virtual host 'localhost'
04-Sep-2025 17:04:51.696 INFO [http-nio-8080-exec-25] org.apache.catalina.core.ApplicationContext.log Manager: list: Listing contexts for virtual host 'localhost'
04-Sep-2025 17:04:51.699 INFO [http-nio-8080-exec-26] org.apache.catalina.core.ApplicationContext.log Manager: undeploy: Undeploying web application at '/Project-04'
04-Sep-2025 17:04:52.528 INFO [http-nio-8080-exec-22] org.apache.catalina.core.ApplicationContext.log Manager: deploy: Deploying web application '/Project-04'
04-Sep-2025 17:04:52.528 INFO [http-nio-8080-exec-22] org.apache.catalina.core.ApplicationContext.log Manager: Uploading WAR file to D:\Rays\Projects\Project-04\jenkins-server\apache-tomcat-9.0.33\webapps\Project-04.war
04-Sep-2025 17:06:11.504 INFO [http-nio-8080-exec-35] org.apache.catalina.core.ApplicationContext.log Manager: list: Listing contexts for virtual host 'localhost'
04-Sep-2025 17:06:11.520 INFO [http-nio-8080-exec-36] org.apache.catalina.core.ApplicationContext.log Manager: list: Listing contexts for virtual host 'localhost'
04-Sep-2025 17:06:11.520 INFO [http-nio-8080-exec-37] org.apache.catalina.core.ApplicationContext.log Manager: undeploy: Undeploying web application at '/Project-04'
04-Sep-2025 17:06:12.367 INFO [http-nio-8080-exec-33] org.apache.catalina.core.ApplicationContext.log Manager: deploy: Deploying web application '/Project-04'
04-Sep-2025 17:06:12.367 INFO [http-nio-8080-exec-33] org.apache.catalina.core.ApplicationContext.log Manager: Uploading WAR file to D:\Rays\Projects\Project-04\jenkins-server\apache-tomcat-9.0.33\webapps\Project-04.war
04-Sep-2025 17:07:14.177 INFO [http-nio-8080-exec-40] org.apache.catalina.core.ApplicationContext.log Manager: list: Listing contexts for virtual host 'localhost'
04-Sep-2025 17:07:14.193 INFO [http-nio-8080-exec-41] org.apache.catalina.core.ApplicationContext.log Manager: list: Listing contexts for virtual host 'localhost'
04-Sep-2025 17:07:14.196 INFO [http-nio-8080-exec-42] org.apache.catalina.core.ApplicationContext.log Manager: undeploy: Undeploying web application at '/Project-04'
04-Sep-2025 17:07:15.002 INFO [http-nio-8080-exec-40] org.apache.catalina.core.ApplicationContext.log Manager: deploy: Deploying web application '/Project-04'
04-Sep-2025 17:07:15.002 INFO [http-nio-8080-exec-40] org.apache.catalina.core.ApplicationContext.log Manager: Uploading WAR file to D:\Rays\Projects\Project-04\jenkins-server\apache-tomcat-9.0.33\webapps\Project-04.war
04-Sep-2025 17:08:57.736 INFO [http-nio-8080-exec-49] org.apache.catalina.core.ApplicationContext.log Manager: list: Listing contexts for virtual host 'localhost'
04-Sep-2025 17:08:57.750 INFO [http-nio-8080-exec-50] org.apache.catalina.core.ApplicationContext.log Manager: list: Listing contexts for virtual host 'localhost'
04-Sep-2025 17:08:57.752 INFO [http-nio-8080-exec-51] org.apache.catalina.core.ApplicationContext.log Manager: undeploy: Undeploying web application at '/Project-04'
04-Sep-2025 17:08:58.464 INFO [http-nio-8080-exec-50] org.apache.catalina.core.ApplicationContext.log Manager: deploy: Deploying web application '/Project-04'
04-Sep-2025 17:08:58.464 INFO [http-nio-8080-exec-50] org.apache.catalina.core.ApplicationContext.log Manager: Uploading WAR file to D:\Rays\Projects\Project-04\jenkins-server\apache-tomcat-9.0.33\webapps\Project-04.war
04-Sep-2025 17:11:01.018 INFO [http-nio-8080-exec-56] org.apache.catalina.core.ApplicationContext.log Manager: list: Listing contexts for virtual host 'localhost'
04-Sep-2025 17:11:01.024 INFO [http-nio-8080-exec-57] org.apache.catalina.core.ApplicationContext.log Manager: list: Listing contexts for virtual host 'localhost'
04-Sep-2025 17:11:01.028 INFO [http-nio-8080-exec-58] org.apache.catalina.core.ApplicationContext.log Manager: undeploy: Undeploying web application at '/Project-04'
04-Sep-2025 17:11:01.828 INFO [http-nio-8080-exec-56] org.apache.catalina.core.ApplicationContext.log Manager: deploy: Deploying web application '/Project-04'
04-Sep-2025 17:11:01.828 INFO [http-nio-8080-exec-56] org.apache.catalina.core.ApplicationContext.log Manager: Uploading WAR file to D:\Rays\Projects\Project-04\jenkins-server\apache-tomcat-9.0.33\webapps\Project-04.war
